[TrashType]
Iconcache=
DNSCache=
NetworkDataUsage=
WindowsDefender=
MSOffice2016=
Java=
GameExplorer=
AvastAntivirus=
Notepad++=
AdobeApplicationManager=
Discord=
Zoom=
BlueStacks 5=
VideoPadVideoEditor=
MSEdgeCache=
ChromeCache=
FireFoxCache=
OperaStableCache=
OperaGXCache=
CocCocCache=
[RegType]
0=
1=
13=
15=
[TraceType]
RemoteDesktopHistory=
Networkmapping=
OutlookSearchHistory=
IECookies=
DOMStoreCookies=
MSEdgeCookies=
ChromeCookies=
FireFoxCookies=
OperaStableCookies=
OperaGXCookies=
CocCocCookies=
AvastCookies=
[SafeItem]
RemoteDesktop=
